\BOOKMARK [1][-]{section.1}{\376\377\000I\000n\000t\000r\000o\000d\000u\000c\000c\000i\000\363\000n}{}% 1
\BOOKMARK [2][-]{subsection.1.1}{\376\377\000J\000u\000s\000t\000i\000f\000i\000c\000a\000c\000i\000\363\000n\000\040\000d\000e\000l\000\040\000c\000o\000n\000t\000e\000x\000t\000o}{section.1}% 2
\BOOKMARK [2][-]{subsection.1.2}{\376\377\000P\000l\000a\000n\000t\000e\000a\000m\000i\000e\000n\000t\000o\000\040\000d\000e\000l\000\040\000p\000r\000o\000b\000l\000e\000m\000a}{section.1}% 3
\BOOKMARK [2][-]{subsection.1.3}{\376\377\000O\000b\000j\000e\000t\000i\000v\000o\000s\000\040\000d\000e\000l\000\040\000t\000r\000a\000b\000a\000j\000o}{section.1}% 4
\BOOKMARK [1][-]{section.2}{\376\377\000E\000s\000t\000a\000d\000o\000\040\000d\000e\000\040\000l\000a\000\040\000c\000u\000e\000s\000t\000i\000\363\000n}{}% 5
\BOOKMARK [2][-]{subsection.2.1}{\376\377\000M\000a\000r\000c\000o\000\040\000t\000e\000\363\000r\000i\000c\000o\000\040\000d\000e\000l\000\040\000t\000r\000a\000b\000a\000j\000o}{section.2}% 6
\BOOKMARK [3][-]{subsubsection.2.1.1}{\376\377\000C\000o\000n\000t\000a\000b\000i\000l\000i\000d\000a\000d}{subsection.2.1}% 7
\BOOKMARK [4][-]{paragraph.2.1.1.1}{\376\377\000C\000u\000e\000n\000t\000a\000s\000\040\000A\000c\000t\000i\000v\000o\000,\000\040\000P\000a\000s\000i\000v\000o\000\040\000y\000\040\000P\000a\000t\000r\000i\000m\000o\000n\000i\000o\000\040\000N\000e\000t\000o}{subsubsection.2.1.1}% 8
\BOOKMARK [4][-]{paragraph.2.1.1.2}{\376\377\000C\000u\000e\000n\000t\000a\000s\000\040\000d\000e\000\040\000c\000o\000m\000p\000r\000a\000s\000\040\000/\000\040\000g\000a\000s\000t\000o\000s\000\040\000y\000\040\000v\000e\000n\000t\000a\000s\000\040\000/\000\040\000i\000n\000g\000r\000e\000s\000o\000s}{subsubsection.2.1.1}% 9
\BOOKMARK [4][-]{paragraph.2.1.1.3}{\376\377\000P\000l\000a\000n\000\040\000G\000e\000n\000e\000r\000a\000l\000\040\000C\000o\000n\000t\000a\000b\000l\000e}{subsubsection.2.1.1}% 10
\BOOKMARK [4][-]{paragraph.2.1.1.4}{\376\377\000L\000i\000b\000r\000o\000\040\000M\000a\000y\000o\000r}{subsubsection.2.1.1}% 11
\BOOKMARK [4][-]{paragraph.2.1.1.5}{\376\377\000L\000i\000b\000r\000o\000\040\000D\000i\000a\000r\000i\000o\000\040\000y\000\040\000a\000s\000i\000e\000n\000t\000o\000s\000\040\000c\000o\000n\000t\000a\000b\000l\000e\000s}{subsubsection.2.1.1}% 12
\BOOKMARK [3][-]{subsubsection.2.1.2}{\376\377\000B\000u\000s\000i\000n\000e\000s\000s\000\040\000I\000n\000t\000e\000l\000l\000i\000g\000e\000n\000c\000e\000\040\000\046\000\040\000B\000u\000s\000i\000n\000e\000s\000s\000\040\000A\000n\000a\000l\000y\000t\000i\000c\000s}{subsection.2.1}% 13
\BOOKMARK [4][-]{paragraph.2.1.2.1}{\376\377\000S\000e\000r\000i\000e\000s\000\040\000t\000e\000m\000p\000o\000r\000a\000l\000e\000s}{subsubsection.2.1.2}% 14
\BOOKMARK [4][-]{paragraph.2.1.2.2}{\376\377\000S\000e\000r\000v\000i\000c\000i\000o\000s\000\040\000e\000n\000\040\000l\000a\000\040\000n\000u\000b\000e}{subsubsection.2.1.2}% 15
\BOOKMARK [4][-]{paragraph.2.1.2.3}{\376\377\000V\000i\000s\000u\000a\000l\000i\000z\000a\000c\000i\000\363\000n\000\040\000d\000e\000\040\000d\000a\000t\000o\000s}{subsubsection.2.1.2}% 16
\BOOKMARK [3][-]{subsubsection.2.1.3}{\376\377\000A\000p\000r\000e\000n\000d\000i\000z\000a\000j\000e\000\040\000a\000u\000t\000o\000m\000\341\000t\000i\000c\000o}{subsection.2.1}% 17
\BOOKMARK [2][-]{subsection.2.2}{\376\377\000T\000r\000a\000b\000a\000j\000o\000s\000\040\000r\000e\000l\000a\000c\000i\000o\000n\000a\000d\000o\000s}{section.2}% 18
\BOOKMARK [3][-]{subsubsection.2.2.1}{\376\377\000A\000p\000l\000i\000c\000a\000c\000i\000\363\000n\000\040\000d\000e\000\040\000B\000u\000s\000i\000n\000e\000s\000s\000\040\000I\000n\000t\000e\000l\000l\000i\000g\000e\000n\000c\000e\000\040\000e\000n\000\040\000u\000n\000a\000\040\000p\000e\000q\000u\000e\000\361\000a\000\040\000e\000m\000p\000r\000e\000s\000a\000\040\000m\000e\000d\000i\000a\000n\000t\000e\000\040\000e\000l\000\040\000u\000s\000o\000\040\000d\000e\000\040\000P\000o\000w\000e\000r\000\040\000B\000I}{subsection.2.2}% 19
\BOOKMARK [3][-]{subsubsection.2.2.2}{\376\377\000T\000r\000a\000n\000s\000f\000o\000r\000m\000e\000r\000s\000\040\000i\000n\000\040\000T\000i\000m\000e\000\040\000S\000e\000r\000i\000e\000s\000:\000\040\000A\000\040\000S\000u\000r\000v\000e\000y}{subsection.2.2}% 20
\BOOKMARK [1][-]{section.3}{\376\377\000A\000s\000p\000e\000c\000t\000o\000s\000\040\000m\000e\000t\000o\000d\000o\000l\000\363\000g\000i\000c\000o\000s}{}% 21
\BOOKMARK [2][-]{subsection.3.1}{\376\377\000M\000e\000t\000o\000d\000o\000l\000o\000g\000\355\000a}{section.3}% 22
\BOOKMARK [3][-]{subsubsection.3.1.1}{\376\377\000M\000L\000O\000p\000s}{subsection.3.1}% 23
\BOOKMARK [2][-]{subsection.3.2}{\376\377\000T\000\351\000c\000n\000i\000c\000a\000s\000\040\000a\000p\000l\000i\000c\000a\000d\000a\000s}{section.3}% 24
\BOOKMARK [2][-]{subsection.3.3}{\376\377\000T\000e\000c\000n\000o\000l\000o\000g\000\355\000a\000s\000\040\000a\000p\000l\000i\000c\000a\000d\000a\000s}{section.3}% 25
\BOOKMARK [3][-]{subsubsection.3.3.1}{\376\377\000E\000n\000t\000o\000r\000n\000o\000\040\000y\000\040\000l\000i\000b\000r\000e\000r\000\355\000a\000s}{subsection.3.3}% 26
\BOOKMARK [3][-]{subsubsection.3.3.2}{\376\377\000H\000e\000r\000r\000a\000m\000i\000e\000n\000t\000a\000s\000\040\000S\000o\000f\000t\000w\000a\000r\000e\000\040\000e\000m\000p\000l\000e\000a\000d\000a\000s}{subsection.3.3}% 27
\BOOKMARK [4][-]{paragraph.3.3.2.1}{\376\377\000G\000i\000t\000\040\000y\000\040\000G\000i\000t\000h\000u\000b}{subsubsection.3.3.2}% 28
\BOOKMARK [4][-]{paragraph.3.3.2.2}{\376\377\000M\000l\000f\000l\000o\000w}{subsubsection.3.3.2}% 29
\BOOKMARK [4][-]{paragraph.3.3.2.3}{\376\377\000D\000a\000g\000s\000h\000u\000b}{subsubsection.3.3.2}% 30
\BOOKMARK [4][-]{paragraph.3.3.2.4}{\376\377\000P\000r\000e\000f\000e\000c\000t}{subsubsection.3.3.2}% 31
\BOOKMARK [4][-]{paragraph.3.3.2.5}{\376\377\000P\000o\000w\000e\000r\000\040\000B\000I}{subsubsection.3.3.2}% 32
\BOOKMARK [4][-]{paragraph.3.3.2.6}{\376\377\000A\000z\000u\000r\000e}{subsubsection.3.3.2}% 33
\BOOKMARK [1][-]{section.4}{\376\377\000D\000e\000s\000a\000r\000r\000o\000l\000l\000o\000\040\000d\000e\000l\000\040\000t\000r\000a\000b\000a\000j\000o}{}% 34
\BOOKMARK [2][-]{subsection.4.1}{\376\377\000P\000r\000e\000p\000r\000o\000c\000e\000s\000a\000m\000i\000e\000n\000t\000o\000\040\000d\000e\000\040\000l\000o\000s\000\040\000d\000a\000t\000o\000s}{section.4}% 35
\BOOKMARK [2][-]{subsection.4.2}{\376\377\000P\000r\000o\000c\000e\000s\000a\000m\000i\000e\000n\000t\000o\000\040\000d\000e\000\040\000l\000o\000s\000\040\000d\000a\000t\000o\000s\000:\000\040\000C\000r\000e\000a\000c\000i\000\363\000n\000\040\000d\000e\000\040\000m\000o\000d\000e\000l\000o\000s}{section.4}% 36
\BOOKMARK [3][-]{subsubsection.4.2.1}{\376\377\000C\000r\000e\000a\000c\000i\000\363\000n\000\040\000d\000e\000\040\000m\000o\000d\000e\000l\000o\000s}{subsection.4.2}% 37
\BOOKMARK [4][-]{paragraph.4.2.1.1}{\376\377\000T\000\351\000c\000n\000i\000c\000a\000s\000\040\000d\000e\000\040\000e\000v\000a\000l\000u\000a\000c\000i\000\363\000n}{subsubsection.4.2.1}% 38
\BOOKMARK [4][-]{paragraph.4.2.1.2}{\376\377\000O\000p\000t\000i\000m\000i\000z\000a\000c\000i\000\363\000n\000\040\000d\000e\000\040\000h\000i\000p\000e\000r\000p\000a\000r\000\341\000m\000e\000t\000r\000o\000s}{subsubsection.4.2.1}% 39
\BOOKMARK [4][-]{paragraph.4.2.1.3}{\376\377\000O\000b\000t\000e\000n\000c\000i\000\363\000n\000\040\000d\000e\000\040\000m\000e\000j\000o\000r\000e\000s\000\040\000r\000e\000s\000u\000l\000t\000a\000d\000o\000s}{subsubsection.4.2.1}% 40
\BOOKMARK [2][-]{subsection.4.3}{\376\377\000M\000L\000O\000p\000s\000:\000\040\000m\000o\000n\000i\000t\000o\000r\000i\000z\000a\000c\000i\000\363\000n\000\040\000y\000\040\000a\000u\000t\000o\000m\000a\000t\000i\000z\000a\000c\000i\000\363\000n\000\040\000d\000e\000l\000\040\000p\000r\000o\000c\000e\000s\000o}{section.4}% 41
\BOOKMARK [3][-]{subsubsection.4.3.1}{\376\377\000M\000o\000n\000i\000t\000o\000r\000i\000z\000a\000c\000i\000\363\000n\000\040\000d\000e\000\040\000l\000o\000s\000\040\000m\000o\000d\000e\000l\000o\000s}{subsection.4.3}% 42
\BOOKMARK [3][-]{subsubsection.4.3.2}{\376\377\000A\000u\000t\000o\000m\000a\000t\000i\000z\000a\000c\000i\000\363\000n\000\040\000d\000e\000l\000\040\000p\000r\000o\000c\000e\000s\000o}{subsection.4.3}% 43
\BOOKMARK [2][-]{subsection.4.4}{\376\377\000C\000o\000m\000p\000a\000r\000a\000t\000i\000v\000a\000\040\000d\000e\000\040\000m\000o\000d\000e\000l\000o\000s}{section.4}% 44
\BOOKMARK [3][-]{subsubsection.4.4.1}{\376\377\000C\000o\000m\000p\000r\000a\000s}{subsection.4.4}% 45
\BOOKMARK [3][-]{subsubsection.4.4.2}{\376\377\000V\000e\000n\000t\000a\000s}{subsection.4.4}% 46
\BOOKMARK [3][-]{subsubsection.4.4.3}{\376\377\000D\000a\000t\000o\000s\000\040\000f\000i\000n\000a\000l\000e\000s}{subsection.4.4}% 47
\BOOKMARK [2][-]{subsection.4.5}{\376\377\000A\000l\000m\000a\000c\000e\000n\000a\000m\000i\000e\000n\000t\000o\000\040\000d\000e\000\040\000l\000o\000s\000\040\000d\000a\000t\000o\000s}{section.4}% 48
\BOOKMARK [3][-]{subsubsection.4.5.1}{\376\377\000S\000Q\000L\000\040\000S\000e\000r\000v\000e\000r}{subsection.4.5}% 49
\BOOKMARK [2][-]{subsection.4.6}{\376\377\000V\000i\000s\000u\000a\000l\000i\000z\000a\000c\000i\000\363\000n\000\040\000d\000e\000\040\000l\000o\000s\000\040\000d\000a\000t\000o\000s}{section.4}% 50
\BOOKMARK [3][-]{subsubsection.4.6.1}{\376\377\000A\000c\000t\000u\000a\000l\000i\000z\000a\000c\000i\000\363\000n\000\040\000i\000n\000c\000r\000e\000m\000e\000n\000t\000a\000l}{subsection.4.6}% 51
\BOOKMARK [3][-]{subsubsection.4.6.2}{\376\377\000R\000e\000s\000u\000l\000t\000a\000d\000o\000\040\000f\000i\000n\000a\000l}{subsection.4.6}% 52
\BOOKMARK [3][-]{subsubsection.4.6.3}{\376\377\000P\000u\000b\000l\000i\000c\000a\000c\000i\000\363\000n\000\040\000d\000e\000l\000\040\000d\000a\000s\000h\000b\000o\000a\000r\000d\000\040\000e\000n\000\040\000l\000a\000\040\000n\000u\000b\000e}{subsection.4.6}% 53
\BOOKMARK [1][-]{section.5}{\376\377\000C\000o\000n\000c\000l\000u\000s\000i\000o\000n\000e\000s}{}% 54
\BOOKMARK [1][-]{section.6}{\376\377\000A\000p\000\351\000n\000d\000i\000c\000e}{}% 55
\BOOKMARK [2][-]{subsection.6.1}{\376\377\000P\000r\000o\000c\000e\000d\000i\000m\000i\000e\000n\000t\000o\000\040\000e\000s\000p\000e\000c\000u\000l\000a\000t\000i\000v\000o\000\040\000d\000e\000\040\000c\000u\000e\000n\000t\000a\000\040\000d\000i\000v\000i\000s\000i\000o\000n\000a\000r\000i\000a}{section.6}% 56
\BOOKMARK [2][-]{subsection.6.2}{\376\377\000P\000l\000a\000n\000\040\000G\000e\000n\000e\000r\000a\000l\000\040\000C\000o\000n\000t\000a\000b\000l\000e\000\040\000e\000s\000p\000a\000\361\000o\000l\000:\000\040\000c\000u\000e\000n\000t\000a\000s\000\040\000m\000\341\000s\000\040\000i\000m\000p\000o\000r\000t\000a\000n\000t\000e\000s}{section.6}% 57
\BOOKMARK [2][-]{subsection.6.3}{\376\377\000P\000r\000e\000d\000i\000c\000c\000i\000\363\000n\000\040\000i\000n\000t\000r\000a\000p\000o\000l\000a\000r\000\040\000v\000s\000.\000\040\000e\000x\000t\000r\000a\000p\000o\000l\000a\000r}{section.6}% 58
\BOOKMARK [2][-]{subsection.6.4}{\376\377\000G\000r\000a\000d\000i\000e\000n\000t\000\040\000B\000o\000o\000s\000t\000i\000n\000g}{section.6}% 59
\BOOKMARK [3][-]{subsubsection.6.4.1}{\376\377\000D\000e\000s\000c\000e\000n\000s\000o\000\040\000d\000e\000l\000\040\000g\000r\000a\000d\000i\000e\000n\000t\000e}{subsection.6.4}% 60
\BOOKMARK [3][-]{subsubsection.6.4.2}{\376\377\000R\000e\000g\000u\000l\000a\000r\000i\000z\000a\000c\000i\000\363\000n\000\040\000L\0001\000\040\000y\000\040\000L\0002}{subsection.6.4}% 61
\BOOKMARK [2][-]{subsection.6.5}{\376\377\000D\000e\000s\000v\000a\000n\000e\000c\000i\000m\000i\000e\000n\000t\000o\000\040\000d\000e\000l\000\040\000g\000r\000a\000d\000i\000e\000n\000t\000e\000\040\000y\000\040\000g\000r\000a\000d\000i\000e\000n\000t\000e\000\040\000e\000x\000p\000l\000o\000s\000i\000v\000o}{section.6}% 62
\BOOKMARK [2][-]{subsection.6.6}{\376\377\000T\000r\000a\000n\000s\000f\000o\000r\000m\000e\000r\000s\000:\000\040\000o\000r\000i\000g\000e\000n\000\040\000y\000\040\000e\000x\000p\000l\000i\000c\000a\000c\000i\000\363\000n}{section.6}% 63
\BOOKMARK [3][-]{subsubsection.6.6.1}{\376\377\000E\000m\000b\000e\000d\000d\000i\000n\000g\000\040\000y\000\040\000c\000o\000d\000i\000f\000i\000c\000a\000d\000o\000r\000\040\000p\000o\000s\000i\000c\000i\000o\000n\000a\000l}{subsection.6.6}% 64
\BOOKMARK [3][-]{subsubsection.6.6.2}{\376\377\000E\000n\000c\000o\000d\000e\000r}{subsection.6.6}% 65
\BOOKMARK [4][-]{paragraph.6.6.2.1}{\376\377\000A\000t\000e\000n\000c\000i\000\363\000n\000\040\000E\000n\000c\000o\000d\000e\000r}{subsubsection.6.6.2}% 66
\BOOKMARK [4][-]{paragraph.6.6.2.2}{\376\377\000B\000l\000o\000q\000u\000e\000\040\000r\000e\000s\000i\000d\000u\000a\000l}{subsubsection.6.6.2}% 67
\BOOKMARK [4][-]{paragraph.6.6.2.3}{\376\377\000R\000e\000d\000\040\000d\000e\000\040\000r\000e\000t\000r\000o\000a\000l\000i\000m\000e\000n\000t\000a\000c\000i\000\363\000n}{subsubsection.6.6.2}% 68
\BOOKMARK [3][-]{subsubsection.6.6.3}{\376\377\000D\000e\000c\000o\000d\000e\000r}{subsection.6.6}% 69
\BOOKMARK [4][-]{paragraph.6.6.3.1}{\376\377\000O\000u\000t\000p\000u\000t\000s}{subsubsection.6.6.3}% 70
\BOOKMARK [4][-]{paragraph.6.6.3.2}{\376\377\000E\000n\000m\000a\000s\000c\000a\000r\000a\000m\000i\000e\000n\000t\000o\000\040\000d\000e\000\040\000a\000t\000e\000n\000c\000i\000\363\000n}{subsubsection.6.6.3}% 71
\BOOKMARK [4][-]{paragraph.6.6.3.3}{\376\377\000A\000t\000e\000n\000c\000i\000\363\000n\000\040\000D\000e\000c\000o\000d\000e\000r}{subsubsection.6.6.3}% 72
\BOOKMARK [3][-]{subsubsection.6.6.4}{\376\377\000S\000a\000l\000i\000d\000a\000\040\000d\000e\000\040\000T\000r\000a\000n\000s\000f\000o\000r\000m\000e\000r}{subsection.6.6}% 73
\BOOKMARK [2][-]{subsection.6.7}{\376\377\000I\000n\000f\000o\000r\000m\000e\000r}{section.6}% 74
\BOOKMARK [3][-]{subsubsection.6.7.1}{\376\377\000C\000o\000d\000i\000f\000i\000c\000a\000c\000i\000\363\000n\000\040\000I\000n\000f\000o\000r\000m\000e\000r}{subsection.6.7}% 75
\BOOKMARK [3][-]{subsubsection.6.7.2}{\376\377\000A\000l\000g\000o\000r\000i\000t\000m\000o\000\040\000P\000r\000o\000b\000S\000p\000a\000r\000s\000e}{subsection.6.7}% 76
\BOOKMARK [3][-]{subsubsection.6.7.3}{\376\377\000C\000o\000m\000p\000a\000r\000a\000t\000i\000v\000a\000\040\000I\000n\000f\000o\000r\000m\000e\000r}{subsection.6.7}% 77
\BOOKMARK [1][-]{figure.caption.106}{\376\377\000R\000e\000f\000e\000r\000e\000n\000c\000i\000a\000s}{}% 78
